app/build/intermediates/manifest_merge_blame_file/debug/processDebugMainManifest/manifest-merger-blame-debug-report.txt
1<?xml version="1.0" encoding="utf-8"?>
2<!--
3    Copyright 2019 Google Inc. All Rights Reserved.
4
5     Licensed under the Apache License, Version 2.0 (the "License");
6     you may not use this file except in compliance with the License.
7     You may obtain a copy of the License at
8
9         http://www.apache.org/licenses/LICENSE-2.0
10
11     Unless required by applicable law or agreed to in writing, software
12     distributed under the License is distributed on an "AS IS" BASIS,
13     WITHOUT WARRANTIES OR CONDITIONS OF ANY KIND, either express or implied.
14     See the License for the specific language governing permissions and
15     limitations under the License.
16-->
17<!--
18 The "package" attribute is rewritten by the Gradle build with the value of applicationId.
19     It is still required here, as it is used to derive paths, for instance when referring
20     to an Activity by ".MyActivity" instead of the full name. If more Activities are added to the
21     application, the package attribute will need to reflect the correct path in order to use
22     the abbreviated format.
23-->
24<manifest xmlns:android="http://schemas.android.com/apk/res/android"
25    package="app.streetgo.twa"
26    android:versionCode="1"
27    android:versionName="1" >
28
29    <uses-sdk
30        android:minSdkVersion="21"
31        android:targetSdkVersion="35" />
32
33    <uses-permission android:name="android.permission.POST_NOTIFICATIONS" />
33-->src\main\AndroidManifest.xml:26:9-80
33-->src\main\AndroidManifest.xml:26:26-78
34    <uses-permission android:name="android.permission.ACCESS_FINE_LOCATION" />
34-->[com.google.androidbrowserhelper:locationdelegation:1.1.2] AndroidManifest.xml:7:5-79
34-->[com.google.androidbrowserhelper:locationdelegation:1.1.2] AndroidManifest.xml:7:22-76
35    <uses-permission android:name="android.permission.ACCESS_COARSE_LOCATION" />
35-->[com.google.androidbrowserhelper:locationdelegation:1.1.2] AndroidManifest.xml:8:5-81
35-->[com.google.androidbrowserhelper:locationdelegation:1.1.2] AndroidManifest.xml:8:22-78
36
37    <queries>
37-->[com.google.androidbrowserhelper:androidbrowserhelper:2.6.2] AndroidManifest.xml:22:5-30:15
38        <intent>
38-->[com.google.androidbrowserhelper:androidbrowserhelper:2.6.2] AndroidManifest.xml:23:9-29:18
39            <action android:name="android.intent.action.VIEW" />
39-->src\main\AndroidManifest.xml:148:17-68
39-->src\main\AndroidManifest.xml:148:25-66
40
41            <category android:name="android.intent.category.BROWSABLE" />
41-->src\main\AndroidManifest.xml:150:17-77
41-->src\main\AndroidManifest.xml:150:27-75
42
43            <data android:scheme="https" />
43-->src\main\AndroidManifest.xml:151:17-154:19
43-->src\main\AndroidManifest.xml:151:23-45
44        </intent>
45    </queries>
46
47    <permission
47-->[androidx.core:core:1.13.0] AndroidManifest.xml:22:5-24:47
48        android:name="app.streetgo.twa.DYNAMIC_RECEIVER_NOT_EXPORTED_PERMISSION"
48-->[androidx.core:core:1.13.0] AndroidManifest.xml:23:9-81
49        android:protectionLevel="signature" />
49-->[androidx.core:core:1.13.0] AndroidManifest.xml:24:9-44
50
51    <uses-permission android:name="app.streetgo.twa.DYNAMIC_RECEIVER_NOT_EXPORTED_PERMISSION" />
51-->[androidx.core:core:1.13.0] AndroidManifest.xml:26:5-97
51-->[androidx.core:core:1.13.0] AndroidManifest.xml:26:22-94
52
53    <application
53-->src\main\AndroidManifest.xml:35:5-202:19
54        android:name="app.streetgo.twa.Application"
54-->src\main\AndroidManifest.xml:36:9-35
55        android:allowBackup="true"
55-->src\main\AndroidManifest.xml:37:9-35
56        android:appComponentFactory="androidx.core.app.CoreComponentFactory"
56-->[androidx.core:core:1.13.0] AndroidManifest.xml:28:18-86
57        android:debuggable="true"
58        android:extractNativeLibs="true"
59        android:icon="@mipmap/ic_launcher"
59-->src\main\AndroidManifest.xml:38:9-43
60        android:label="@string/appName"
60-->src\main\AndroidManifest.xml:39:9-40
61        android:manageSpaceActivity="com.google.androidbrowserhelper.trusted.ManageDataLauncherActivity"
61-->src\main\AndroidManifest.xml:41:9-105
62        android:supportsRtl="true"
62-->src\main\AndroidManifest.xml:43:9-35
63        android:testOnly="true"
64        android:theme="@android:style/Theme.Translucent.NoTitleBar" >
64-->src\main\AndroidManifest.xml:44:9-68
65        <meta-data
65-->src\main\AndroidManifest.xml:46:9-48:58
66            android:name="asset_statements"
66-->src\main\AndroidManifest.xml:47:13-44
67            android:resource="@string/assetStatements" />
67-->src\main\AndroidManifest.xml:48:13-55
68        <meta-data
68-->src\main\AndroidManifest.xml:51:13-53:58
69            android:name="web_manifest_url"
69-->src\main\AndroidManifest.xml:52:17-48
70            android:value="@string/webManifestUrl" />
70-->src\main\AndroidManifest.xml:53:17-55
71        <meta-data
71-->src\main\AndroidManifest.xml:56:9-58:52
72            android:name="twa_generator"
72-->src\main\AndroidManifest.xml:57:13-41
73            android:value="@string/generatorApp" />
73-->src\main\AndroidManifest.xml:58:13-49
74
75        <activity
75-->src\main\AndroidManifest.xml:65:13-76:24
76            android:name="com.google.androidbrowserhelper.trusted.ManageDataLauncherActivity"
76-->src\main\AndroidManifest.xml:65:23-104
77            android:enabled="true"
77-->src\main\AndroidManifest.xml:67:17-39
78            android:excludeFromRecents="true"
78-->src\main\AndroidManifest.xml:68:17-50
79            android:exported="false" >
79-->src\main\AndroidManifest.xml:66:17-41
80            <meta-data
80-->src\main\AndroidManifest.xml:69:17-71:57
81                android:name="android.support.customtabs.trusted.MANAGE_SPACE_URL"
81-->src\main\AndroidManifest.xml:70:21-87
82                android:value="@string/launchUrl" />
82-->src\main\AndroidManifest.xml:71:21-54
83
84            <intent-filter>
84-->src\main\AndroidManifest.xml:72:17-75:33
85                <action android:name="android.intent.action.APPLICATION_PREFERENCES" />
85-->src\main\AndroidManifest.xml:73:21-92
85-->src\main\AndroidManifest.xml:73:29-89
86
87                <category android:name="android.intent.category.DEFAULT" />
87-->src\main\AndroidManifest.xml:74:21-80
87-->src\main\AndroidManifest.xml:74:31-77
88            </intent-filter>
89        </activity>
90        <activity
90-->src\main\AndroidManifest.xml:79:9-160:20
91            android:name="app.streetgo.twa.LauncherActivity"
91-->src\main\AndroidManifest.xml:79:19-50
92            android:alwaysRetainTaskState="true"
92-->src\main\AndroidManifest.xml:80:13-49
93            android:exported="true"
93-->src\main\AndroidManifest.xml:82:13-36
94            android:label="@string/launcherName" >
94-->src\main\AndroidManifest.xml:81:13-49
95            <meta-data
95-->src\main\AndroidManifest.xml:83:13-84:53
96                android:name="android.support.customtabs.trusted.DEFAULT_URL"
96-->src\main\AndroidManifest.xml:83:24-85
97                android:value="@string/launchUrl" />
97-->src\main\AndroidManifest.xml:84:17-50
98            <meta-data
98-->src\main\AndroidManifest.xml:86:13-88:58
99                android:name="android.support.customtabs.trusted.STATUS_BAR_COLOR"
99-->src\main\AndroidManifest.xml:87:17-83
100                android:resource="@color/colorPrimary" />
100-->src\main\AndroidManifest.xml:88:17-55
101            <meta-data
101-->src\main\AndroidManifest.xml:92:13-94:62
102                android:name="android.support.customtabs.trusted.STATUS_BAR_COLOR_DARK"
102-->src\main\AndroidManifest.xml:93:17-88
103                android:resource="@color/colorPrimaryDark" />
103-->src\main\AndroidManifest.xml:94:17-59
104            <meta-data
104-->src\main\AndroidManifest.xml:96:13-98:61
105                android:name="android.support.customtabs.trusted.NAVIGATION_BAR_COLOR"
105-->src\main\AndroidManifest.xml:97:17-87
106                android:resource="@color/navigationColor" />
106-->src\main\AndroidManifest.xml:98:17-58
107            <meta-data
107-->src\main\AndroidManifest.xml:100:13-102:65
108                android:name="android.support.customtabs.trusted.NAVIGATION_BAR_COLOR_DARK"
108-->src\main\AndroidManifest.xml:101:17-92
109                android:resource="@color/navigationColorDark" />
109-->src\main\AndroidManifest.xml:102:17-62
110            <meta-data
110-->src\main\AndroidManifest.xml:104:13-106:68
111                android:name="androix.browser.trusted.NAVIGATION_BAR_DIVIDER_COLOR"
111-->src\main\AndroidManifest.xml:105:17-84
112                android:resource="@color/navigationDividerColor" />
112-->src\main\AndroidManifest.xml:106:17-65
113            <meta-data
113-->src\main\AndroidManifest.xml:108:13-110:72
114                android:name="androix.browser.trusted.NAVIGATION_BAR_DIVIDER_COLOR_DARK"
114-->src\main\AndroidManifest.xml:109:17-89
115                android:resource="@color/navigationDividerColorDark" />
115-->src\main\AndroidManifest.xml:110:17-69
116            <meta-data
116-->src\main\AndroidManifest.xml:112:13-113:54
117                android:name="android.support.customtabs.trusted.SPLASH_IMAGE_DRAWABLE"
117-->src\main\AndroidManifest.xml:112:24-95
118                android:resource="@drawable/splash" />
118-->src\main\AndroidManifest.xml:113:17-52
119            <meta-data
119-->src\main\AndroidManifest.xml:115:13-116:60
120                android:name="android.support.customtabs.trusted.SPLASH_SCREEN_BACKGROUND_COLOR"
120-->src\main\AndroidManifest.xml:115:24-104
121                android:resource="@color/backgroundColor" />
121-->src\main\AndroidManifest.xml:116:17-58
122            <meta-data
122-->src\main\AndroidManifest.xml:118:13-119:71
123                android:name="android.support.customtabs.trusted.SPLASH_SCREEN_FADE_OUT_DURATION"
123-->src\main\AndroidManifest.xml:118:24-105
124                android:value="@integer/splashScreenFadeOutDuration" />
124-->src\main\AndroidManifest.xml:119:17-69
125            <meta-data
125-->src\main\AndroidManifest.xml:121:13-122:60
126                android:name="android.support.customtabs.trusted.FILE_PROVIDER_AUTHORITY"
126-->src\main\AndroidManifest.xml:121:24-97
127                android:value="@string/providerAuthority" />
127-->src\main\AndroidManifest.xml:122:17-58
128            <meta-data
128-->src\main\AndroidManifest.xml:124:13-97
129                android:name="android.app.shortcuts"
129-->src\main\AndroidManifest.xml:124:24-60
130                android:resource="@xml/shortcuts" />
130-->src\main\AndroidManifest.xml:124:61-94
131            <meta-data
131-->src\main\AndroidManifest.xml:126:13-127:56
132                android:name="android.support.customtabs.trusted.FALLBACK_STRATEGY"
132-->src\main\AndroidManifest.xml:126:24-91
133                android:value="@string/fallbackType" />
133-->src\main\AndroidManifest.xml:127:17-53
134            <meta-data
134-->src\main\AndroidManifest.xml:133:13-134:54
135                android:name="android.support.customtabs.trusted.SCREEN_ORIENTATION"
135-->src\main\AndroidManifest.xml:133:24-92
136                android:value="@string/orientation" />
136-->src\main\AndroidManifest.xml:134:17-52
137
138            <intent-filter>
138-->src\main\AndroidManifest.xml:142:13-145:29
139                <action android:name="android.intent.action.MAIN" />
139-->src\main\AndroidManifest.xml:143:17-69
139-->src\main\AndroidManifest.xml:143:25-66
140
141                <category android:name="android.intent.category.LAUNCHER" />
141-->src\main\AndroidManifest.xml:144:17-77
141-->src\main\AndroidManifest.xml:144:27-74
142            </intent-filter>
143            <intent-filter android:autoVerify="true" >
143-->src\main\AndroidManifest.xml:147:13-155:29
143-->src\main\AndroidManifest.xml:147:28-53
144                <action android:name="android.intent.action.VIEW" />
144-->src\main\AndroidManifest.xml:148:17-68
144-->src\main\AndroidManifest.xml:148:25-66
145
146                <category android:name="android.intent.category.DEFAULT" />
146-->src\main\AndroidManifest.xml:74:21-80
146-->src\main\AndroidManifest.xml:74:31-77
147                <category android:name="android.intent.category.BROWSABLE" />
147-->src\main\AndroidManifest.xml:150:17-77
147-->src\main\AndroidManifest.xml:150:27-75
148
149                <data
149-->src\main\AndroidManifest.xml:151:17-154:19
150                    android:host="@string/hostName"
150-->src\main\AndroidManifest.xml:152:21-52
151                    android:scheme="https" />
151-->src\main\AndroidManifest.xml:151:23-45
152            </intent-filter>
153        </activity>
154        <activity android:name="com.google.androidbrowserhelper.trusted.FocusActivity" />
154-->src\main\AndroidManifest.xml:162:9-90
154-->src\main\AndroidManifest.xml:162:19-87
155        <activity
155-->src\main\AndroidManifest.xml:164:9-165:62
156            android:name="com.google.androidbrowserhelper.trusted.WebViewFallbackActivity"
156-->src\main\AndroidManifest.xml:164:19-97
157            android:configChanges="orientation|screenSize" />
157-->src\main\AndroidManifest.xml:165:13-59
158
159        <provider
159-->src\main\AndroidManifest.xml:167:9-175:20
160            android:name="androidx.core.content.FileProvider"
160-->src\main\AndroidManifest.xml:168:13-62
161            android:authorities="@string/providerAuthority"
161-->src\main\AndroidManifest.xml:169:13-60
162            android:exported="false"
162-->src\main\AndroidManifest.xml:171:13-37
163            android:grantUriPermissions="true" >
163-->src\main\AndroidManifest.xml:170:13-47
164            <meta-data
164-->src\main\AndroidManifest.xml:172:13-174:53
165                android:name="android.support.FILE_PROVIDER_PATHS"
165-->src\main\AndroidManifest.xml:173:17-67
166                android:resource="@xml/filepaths" />
166-->src\main\AndroidManifest.xml:174:17-50
167        </provider>
168
169        <service
169-->src\main\AndroidManifest.xml:177:9-192:19
170            android:name="app.streetgo.twa.DelegationService"
170-->src\main\AndroidManifest.xml:178:13-46
171            android:enabled="@bool/enableNotification"
171-->src\main\AndroidManifest.xml:179:13-55
172            android:exported="@bool/enableNotification" >
172-->src\main\AndroidManifest.xml:180:13-56
173            <meta-data
173-->src\main\AndroidManifest.xml:183:17-185:73
174                android:name="android.support.customtabs.trusted.SMALL_ICON"
174-->src\main\AndroidManifest.xml:184:21-81
175                android:resource="@drawable/ic_notification_icon" />
175-->src\main\AndroidManifest.xml:185:21-70
176
177            <intent-filter>
177-->src\main\AndroidManifest.xml:188:13-191:29
178                <action android:name="android.support.customtabs.trusted.TRUSTED_WEB_ACTIVITY_SERVICE" />
178-->src\main\AndroidManifest.xml:189:17-105
178-->src\main\AndroidManifest.xml:189:25-103
179
180                <category android:name="android.intent.category.DEFAULT" />
180-->src\main\AndroidManifest.xml:74:21-80
180-->src\main\AndroidManifest.xml:74:31-77
181            </intent-filter>
182        </service>
183
184        <activity android:name="com.google.androidbrowserhelper.trusted.NotificationPermissionRequestActivity" />
184-->src\main\AndroidManifest.xml:195:13-118
184-->src\main\AndroidManifest.xml:195:23-115
185        <activity android:name="com.google.androidbrowserhelper.locationdelegation.PermissionRequestActivity" />
185-->src\main\AndroidManifest.xml:199:13-200:89
185-->src\main\AndroidManifest.xml:199:23-123
186        <activity
186-->[com.google.android.gms:play-services-base:18.1.0] AndroidManifest.xml:20:9-22:45
187            android:name="com.google.android.gms.common.api.GoogleApiActivity"
187-->[com.google.android.gms:play-services-base:18.1.0] AndroidManifest.xml:20:19-85
188            android:exported="false"
188-->[com.google.android.gms:play-services-base:18.1.0] AndroidManifest.xml:22:19-43
189            android:theme="@android:style/Theme.Translucent.NoTitleBar" />
189-->[com.google.android.gms:play-services-base:18.1.0] AndroidManifest.xml:21:19-78
190
191        <meta-data
191-->[com.google.android.gms:play-services-basement:18.1.0] AndroidManifest.xml:21:9-23:69
192            android:name="com.google.android.gms.version"
192-->[com.google.android.gms:play-services-basement:18.1.0] AndroidManifest.xml:22:13-58
193            android:value="@integer/google_play_services_version" />
193-->[com.google.android.gms:play-services-basement:18.1.0] AndroidManifest.xml:23:13-66
194
195        <provider
195-->[androidx.emoji2:emoji2:1.3.0] AndroidManifest.xml:24:9-32:20
196            android:name="androidx.startup.InitializationProvider"
196-->[androidx.emoji2:emoji2:1.3.0] AndroidManifest.xml:25:13-67
197            android:authorities="app.streetgo.twa.androidx-startup"
197-->[androidx.emoji2:emoji2:1.3.0] AndroidManifest.xml:26:13-68
198            android:exported="false" >
198-->[androidx.emoji2:emoji2:1.3.0] AndroidManifest.xml:27:13-37
199            <meta-data
199-->[androidx.emoji2:emoji2:1.3.0] AndroidManifest.xml:29:13-31:52
200                android:name="androidx.emoji2.text.EmojiCompatInitializer"
200-->[androidx.emoji2:emoji2:1.3.0] AndroidManifest.xml:30:17-75
201                android:value="androidx.startup" />
201-->[androidx.emoji2:emoji2:1.3.0] AndroidManifest.xml:31:17-49
202            <meta-data
202-->[androidx.lifecycle:lifecycle-process:2.6.2] AndroidManifest.xml:29:13-31:52
203                android:name="androidx.lifecycle.ProcessLifecycleInitializer"
203-->[androidx.lifecycle:lifecycle-process:2.6.2] AndroidManifest.xml:30:17-78
204                android:value="androidx.startup" />
204-->[androidx.lifecycle:lifecycle-process:2.6.2] AndroidManifest.xml:31:17-49
205            <meta-data
205-->[androidx.profileinstaller:profileinstaller:1.3.1] AndroidManifest.xml:29:13-31:52
206                android:name="androidx.profileinstaller.ProfileInstallerInitializer"
206-->[androidx.profileinstaller:profileinstaller:1.3.1] AndroidManifest.xml:30:17-85
207                android:value="androidx.startup" />
207-->[androidx.profileinstaller:profileinstaller:1.3.1] AndroidManifest.xml:31:17-49
208        </provider>
209
210        <receiver
210-->[androidx.profileinstaller:profileinstaller:1.3.1] AndroidManifest.xml:34:9-52:20
211            android:name="androidx.profileinstaller.ProfileInstallReceiver"
211-->[androidx.profileinstaller:profileinstaller:1.3.1] AndroidManifest.xml:35:13-76
212            android:directBootAware="false"
212-->[androidx.profileinstaller:profileinstaller:1.3.1] AndroidManifest.xml:36:13-44
213            android:enabled="true"
213-->[androidx.profileinstaller:profileinstaller:1.3.1] AndroidManifest.xml:37:13-35
214            android:exported="true"
214-->[androidx.profileinstaller:profileinstaller:1.3.1] AndroidManifest.xml:38:13-36
215            android:permission="android.permission.DUMP" >
215-->[androidx.profileinstaller:profileinstaller:1.3.1] AndroidManifest.xml:39:13-57
216            <intent-filter>
216-->[androidx.profileinstaller:profileinstaller:1.3.1] AndroidManifest.xml:40:13-42:29
217                <action android:name="androidx.profileinstaller.action.INSTALL_PROFILE" />
217-->[androidx.profileinstaller:profileinstaller:1.3.1] AndroidManifest.xml:41:17-91
217-->[androidx.profileinstaller:profileinstaller:1.3.1] AndroidManifest.xml:41:25-88
218            </intent-filter>
219            <intent-filter>
219-->[androidx.profileinstaller:profileinstaller:1.3.1] AndroidManifest.xml:43:13-45:29
220                <action android:name="androidx.profileinstaller.action.SKIP_FILE" />
220-->[androidx.profileinstaller:profileinstaller:1.3.1] AndroidManifest.xml:44:17-85
220-->[androidx.profileinstaller:profileinstaller:1.3.1] AndroidManifest.xml:44:25-82
221            </intent-filter>
222            <intent-filter>
222-->[androidx.profileinstaller:profileinstaller:1.3.1] AndroidManifest.xml:46:13-48:29
223                <action android:name="androidx.profileinstaller.action.SAVE_PROFILE" />
223-->[androidx.profileinstaller:profileinstaller:1.3.1] AndroidManifest.xml:47:17-88
223-->[androidx.profileinstaller:profileinstaller:1.3.1] AndroidManifest.xml:47:25-85
224            </intent-filter>
225            <intent-filter>
225-->[androidx.profileinstaller:profileinstaller:1.3.1] AndroidManifest.xml:49:13-51:29
226                <action android:name="androidx.profileinstaller.action.BENCHMARK_OPERATION" />
226-->[androidx.profileinstaller:profileinstaller:1.3.1] AndroidManifest.xml:50:17-95
226-->[androidx.profileinstaller:profileinstaller:1.3.1] AndroidManifest.xml:50:25-92
227            </intent-filter>
228        </receiver>
229    </application>
230
231</manifest>